<?xml version="1.0" encoding="UTF-8"?>
<robot generator="Robot 4.1.1 (Python 3.8.10 on linux)" generated="20210920 20:01:41.160" rpa="false" schemaversion="2">
<suite id="s1" name="Grocery Crud" source="/home/gaspi/Documents/robot/tests/grocery_crud.robot">
<test id="s1-t1" name="Caso de Teste 01: Desafio 1">
<kw name="Acessar a página" library="resource">
<kw name="Open Browser" library="SeleniumLibrary">
<arg>${URL}</arg>
<arg>${BROWSER}</arg>
<doc>Opens a new browser instance to the optional ``url``.</doc>
<msg timestamp="20210920 20:01:41.441" level="INFO">Opening browser 'chrome' to base url 'https://www.grocerycrud.com/v1.x/demo/my_boss_is_in_a_hurry/bootstrap'.</msg>
<status status="PASS" starttime="20210920 20:01:41.440" endtime="20210920 20:01:46.618"/>
</kw>
<status status="PASS" starttime="20210920 20:01:41.440" endtime="20210920 20:01:46.618"/>
</kw>
<kw name="Mudar o valor da combo Select para &quot;Bootstrap V4 Theme&quot;" library="resource">
<kw name="Click Element" library="SeleniumLibrary">
<arg>xpath=/html/body/div[1]/select/option[4]</arg>
<doc>Click the element identified by ``locator``.</doc>
<msg timestamp="20210920 20:01:46.621" level="INFO">Clicking element 'xpath=/html/body/div[1]/select/option[4]'.</msg>
<status status="PASS" starttime="20210920 20:01:46.620" endtime="20210920 20:01:48.493"/>
</kw>
<status status="PASS" starttime="20210920 20:01:46.619" endtime="20210920 20:01:48.493"/>
</kw>
<kw name="Clicar no botão Add Customer" library="resource">
<kw name="Click Element" library="SeleniumLibrary">
<arg>xpath=/html/body/div[2]/div[2]/div[1]/div[2]/form/div[1]/div[1]/a</arg>
<doc>Click the element identified by ``locator``.</doc>
<msg timestamp="20210920 20:01:48.495" level="INFO">Clicking element 'xpath=/html/body/div[2]/div[2]/div[1]/div[2]/form/div[1]/div[1]/a'.</msg>
<status status="PASS" starttime="20210920 20:01:48.494" endtime="20210920 20:01:49.766"/>
</kw>
<status status="PASS" starttime="20210920 20:01:48.493" endtime="20210920 20:01:49.766"/>
</kw>
<kw name="Preencher os campos do formulário" library="resource">
<kw name="Input Text" library="SeleniumLibrary">
<arg>xpath=//*[@id="field-customerName"]</arg>
<arg>${PESSOA.name}</arg>
<doc>Types the given ``text`` into the text field identified by ``locator``.</doc>
<msg timestamp="20210920 20:01:49.768" level="INFO">Typing text 'Teste Sicredi' into text field 'xpath=//*[@id="field-customerName"]'.</msg>
<status status="PASS" starttime="20210920 20:01:49.767" endtime="20210920 20:01:49.941"/>
</kw>
<kw name="Input Text" library="SeleniumLibrary">
<arg>xpath=//*[@id="field-contactLastName"]</arg>
<arg>${PESSOA.last_name}</arg>
<doc>Types the given ``text`` into the text field identified by ``locator``.</doc>
<msg timestamp="20210920 20:01:49.944" level="INFO">Typing text 'Teste' into text field 'xpath=//*[@id="field-contactLastName"]'.</msg>
<status status="PASS" starttime="20210920 20:01:49.941" endtime="20210920 20:01:50.098"/>
</kw>
<kw name="Input Text" library="SeleniumLibrary">
<arg>xpath=//*[@id="field-contactFirstName"]</arg>
<arg>${PESSOA.contact_first_name}</arg>
<doc>Types the given ``text`` into the text field identified by ``locator``.</doc>
<msg timestamp="20210920 20:01:50.099" level="INFO">Typing text 'Gabriel' into text field 'xpath=//*[@id="field-contactFirstName"]'.</msg>
<status status="PASS" starttime="20210920 20:01:50.098" endtime="20210920 20:01:50.237"/>
</kw>
<kw name="Input Text" library="SeleniumLibrary">
<arg>xpath=//*[@id="field-phone"]</arg>
<arg>${PESSOA.phone}</arg>
<doc>Types the given ``text`` into the text field identified by ``locator``.</doc>
<msg timestamp="20210920 20:01:50.239" level="INFO">Typing text '51 9999-9999' into text field 'xpath=//*[@id="field-phone"]'.</msg>
<status status="PASS" starttime="20210920 20:01:50.238" endtime="20210920 20:01:50.389"/>
</kw>
<kw name="Input Text" library="SeleniumLibrary">
<arg>xpath=//*[@id="field-addressLine1"]</arg>
<arg>${PESSOA.address_line_1}</arg>
<doc>Types the given ``text`` into the text field identified by ``locator``.</doc>
<msg timestamp="20210920 20:01:50.390" level="INFO">Typing text 'Av Assis Brasil, 3970' into text field 'xpath=//*[@id="field-addressLine1"]'.</msg>
<status status="PASS" starttime="20210920 20:01:50.389" endtime="20210920 20:01:50.559"/>
</kw>
<kw name="Input Text" library="SeleniumLibrary">
<arg>xpath=//*[@id="field-addressLine2"]</arg>
<arg>${PESSOA.address_line_2}</arg>
<doc>Types the given ``text`` into the text field identified by ``locator``.</doc>
<msg timestamp="20210920 20:01:50.560" level="INFO">Typing text 'Torre D' into text field 'xpath=//*[@id="field-addressLine2"]'.</msg>
<status status="PASS" starttime="20210920 20:01:50.559" endtime="20210920 20:01:50.720"/>
</kw>
<kw name="Input Text" library="SeleniumLibrary">
<arg>xpath=//*[@id="field-city"]</arg>
<arg>${PESSOA.city}</arg>
<doc>Types the given ``text`` into the text field identified by ``locator``.</doc>
<msg timestamp="20210920 20:01:50.722" level="INFO">Typing text 'Porto Alegre' into text field 'xpath=//*[@id="field-city"]'.</msg>
<status status="PASS" starttime="20210920 20:01:50.721" endtime="20210920 20:01:50.881"/>
</kw>
<kw name="Input Text" library="SeleniumLibrary">
<arg>xpath=//*[@id="field-state"]</arg>
<arg>${PESSOA.state}</arg>
<doc>Types the given ``text`` into the text field identified by ``locator``.</doc>
<msg timestamp="20210920 20:01:50.883" level="INFO">Typing text 'RS' into text field 'xpath=//*[@id="field-state"]'.</msg>
<status status="PASS" starttime="20210920 20:01:50.881" endtime="20210920 20:01:51.028"/>
</kw>
<kw name="Input Text" library="SeleniumLibrary">
<arg>xpath=//*[@id="field-postalCode"]</arg>
<arg>${PESSOA.postal_code}</arg>
<doc>Types the given ``text`` into the text field identified by ``locator``.</doc>
<msg timestamp="20210920 20:01:51.030" level="INFO">Typing text '91000-000' into text field 'xpath=//*[@id="field-postalCode"]'.</msg>
<status status="PASS" starttime="20210920 20:01:51.029" endtime="20210920 20:01:51.179"/>
</kw>
<kw name="Input Text" library="SeleniumLibrary">
<arg>xpath=//*[@id="field-country"]</arg>
<arg>${PESSOA.country}</arg>
<doc>Types the given ``text`` into the text field identified by ``locator``.</doc>
<msg timestamp="20210920 20:01:51.180" level="INFO">Typing text 'Brasil' into text field 'xpath=//*[@id="field-country"]'.</msg>
<status status="PASS" starttime="20210920 20:01:51.179" endtime="20210920 20:01:51.349"/>
</kw>
<kw name="Input Text" library="SeleniumLibrary">
<arg>xpath=//*[@id="field-salesRepEmployeeNumber"]</arg>
<arg>coé mano</arg>
<doc>Types the given ``text`` into the text field identified by ``locator``.</doc>
<msg timestamp="20210920 20:01:51.350" level="INFO">Typing text 'coé mano' into text field 'xpath=//*[@id="field-salesRepEmployeeNumber"]'.</msg>
<status status="PASS" starttime="20210920 20:01:51.349" endtime="20210920 20:01:51.485"/>
</kw>
<kw name="Input Text" library="SeleniumLibrary">
<arg>xpath=//*[@id="field-creditLimit"]</arg>
<arg>${PESSOA.credit_limit}</arg>
<doc>Types the given ``text`` into the text field identified by ``locator``.</doc>
<msg timestamp="20210920 20:01:51.486" level="INFO">Typing text '200' into text field 'xpath=//*[@id="field-creditLimit"]'.</msg>
<status status="PASS" starttime="20210920 20:01:51.485" endtime="20210920 20:01:51.625"/>
</kw>
<status status="PASS" starttime="20210920 20:01:49.766" endtime="20210920 20:01:51.626"/>
</kw>
<kw name="Clicar no botão Save" library="resource">
<kw name="Click Element" library="SeleniumLibrary">
<arg>xpath=//*[@id="form-button-save"]</arg>
<doc>Click the element identified by ``locator``.</doc>
<msg timestamp="20210920 20:01:51.628" level="INFO">Clicking element 'xpath=//*[@id="form-button-save"]'.</msg>
<status status="PASS" starttime="20210920 20:01:51.627" endtime="20210920 20:01:51.707"/>
</kw>
<status status="PASS" starttime="20210920 20:01:51.626" endtime="20210920 20:01:51.707"/>
</kw>
<kw name="Validar a mensagem &quot;Your data has been successfully stored into the database. Edit Record or Go back to list&quot; através de uma asserção" library="resource" sourcename="Validar a mensagem &quot;${MENSAGEM}&quot; através de uma asserção">
<kw name="Wait Until Element Is Visible" library="SeleniumLibrary">
<arg>xpath=//*[@id="report-success"]/p</arg>
<doc>Waits until the element ``locator`` is visible.</doc>
<status status="PASS" starttime="20210920 20:01:51.708" endtime="20210920 20:01:53.055"/>
</kw>
<kw name="Page Should Contain" library="SeleniumLibrary">
<arg>${MENSAGEM}</arg>
<doc>Verifies that current page contains ``text``.</doc>
<msg timestamp="20210920 20:01:53.080" level="INFO">Current page contains text 'Your data has been successfully stored into the database. Edit Record or Go back to list'.</msg>
<status status="PASS" starttime="20210920 20:01:53.056" endtime="20210920 20:01:53.080"/>
</kw>
<status status="PASS" starttime="20210920 20:01:51.707" endtime="20210920 20:01:53.081"/>
</kw>
<kw name="Fechar o browser" library="resource">
<kw name="Close Browser" library="SeleniumLibrary">
<doc>Closes the current browser.</doc>
<status status="PASS" starttime="20210920 20:01:53.082" endtime="20210920 20:01:53.155"/>
</kw>
<status status="PASS" starttime="20210920 20:01:53.081" endtime="20210920 20:01:53.155"/>
</kw>
<status status="PASS" starttime="20210920 20:01:41.438" endtime="20210920 20:01:53.156"/>
</test>
<test id="s1-t2" name="Caso de Teste 02: Desafio 2">
<kw name="Acessar a página" library="resource">
<kw name="Open Browser" library="SeleniumLibrary">
<arg>${URL}</arg>
<arg>${BROWSER}</arg>
<doc>Opens a new browser instance to the optional ``url``.</doc>
<msg timestamp="20210920 20:01:53.164" level="INFO">Opening browser 'chrome' to base url 'https://www.grocerycrud.com/v1.x/demo/my_boss_is_in_a_hurry/bootstrap'.</msg>
<status status="PASS" starttime="20210920 20:01:53.163" endtime="20210920 20:01:59.700"/>
</kw>
<status status="PASS" starttime="20210920 20:01:53.162" endtime="20210920 20:01:59.700"/>
</kw>
<kw name="Mudar o valor da combo Select para &quot;Bootstrap V4 Theme&quot;" library="resource">
<kw name="Click Element" library="SeleniumLibrary">
<arg>xpath=/html/body/div[1]/select/option[4]</arg>
<doc>Click the element identified by ``locator``.</doc>
<msg timestamp="20210920 20:01:59.702" level="INFO">Clicking element 'xpath=/html/body/div[1]/select/option[4]'.</msg>
<status status="PASS" starttime="20210920 20:01:59.702" endtime="20210920 20:02:01.865"/>
</kw>
<status status="PASS" starttime="20210920 20:01:59.701" endtime="20210920 20:02:01.866"/>
</kw>
<kw name="Clicar no botão Add Customer" library="resource">
<kw name="Click Element" library="SeleniumLibrary">
<arg>xpath=/html/body/div[2]/div[2]/div[1]/div[2]/form/div[1]/div[1]/a</arg>
<doc>Click the element identified by ``locator``.</doc>
<msg timestamp="20210920 20:02:01.867" level="INFO">Clicking element 'xpath=/html/body/div[2]/div[2]/div[1]/div[2]/form/div[1]/div[1]/a'.</msg>
<status status="PASS" starttime="20210920 20:02:01.867" endtime="20210920 20:02:03.000"/>
</kw>
<status status="PASS" starttime="20210920 20:02:01.866" endtime="20210920 20:02:03.000"/>
</kw>
<kw name="Preencher os campos do formulário" library="resource">
<kw name="Input Text" library="SeleniumLibrary">
<arg>xpath=//*[@id="field-customerName"]</arg>
<arg>${PESSOA.name}</arg>
<doc>Types the given ``text`` into the text field identified by ``locator``.</doc>
<msg timestamp="20210920 20:02:03.003" level="INFO">Typing text 'Teste Sicredi' into text field 'xpath=//*[@id="field-customerName"]'.</msg>
<status status="PASS" starttime="20210920 20:02:03.002" endtime="20210920 20:02:03.198"/>
</kw>
<kw name="Input Text" library="SeleniumLibrary">
<arg>xpath=//*[@id="field-contactLastName"]</arg>
<arg>${PESSOA.last_name}</arg>
<doc>Types the given ``text`` into the text field identified by ``locator``.</doc>
<msg timestamp="20210920 20:02:03.199" level="INFO">Typing text 'Teste' into text field 'xpath=//*[@id="field-contactLastName"]'.</msg>
<status status="PASS" starttime="20210920 20:02:03.198" endtime="20210920 20:02:03.346"/>
</kw>
<kw name="Input Text" library="SeleniumLibrary">
<arg>xpath=//*[@id="field-contactFirstName"]</arg>
<arg>${PESSOA.contact_first_name}</arg>
<doc>Types the given ``text`` into the text field identified by ``locator``.</doc>
<msg timestamp="20210920 20:02:03.347" level="INFO">Typing text 'Gabriel' into text field 'xpath=//*[@id="field-contactFirstName"]'.</msg>
<status status="PASS" starttime="20210920 20:02:03.346" endtime="20210920 20:02:03.489"/>
</kw>
<kw name="Input Text" library="SeleniumLibrary">
<arg>xpath=//*[@id="field-phone"]</arg>
<arg>${PESSOA.phone}</arg>
<doc>Types the given ``text`` into the text field identified by ``locator``.</doc>
<msg timestamp="20210920 20:02:03.491" level="INFO">Typing text '51 9999-9999' into text field 'xpath=//*[@id="field-phone"]'.</msg>
<status status="PASS" starttime="20210920 20:02:03.490" endtime="20210920 20:02:03.653"/>
</kw>
<kw name="Input Text" library="SeleniumLibrary">
<arg>xpath=//*[@id="field-addressLine1"]</arg>
<arg>${PESSOA.address_line_1}</arg>
<doc>Types the given ``text`` into the text field identified by ``locator``.</doc>
<msg timestamp="20210920 20:02:03.655" level="INFO">Typing text 'Av Assis Brasil, 3970' into text field 'xpath=//*[@id="field-addressLine1"]'.</msg>
<status status="PASS" starttime="20210920 20:02:03.653" endtime="20210920 20:02:03.822"/>
</kw>
<kw name="Input Text" library="SeleniumLibrary">
<arg>xpath=//*[@id="field-addressLine2"]</arg>
<arg>${PESSOA.address_line_2}</arg>
<doc>Types the given ``text`` into the text field identified by ``locator``.</doc>
<msg timestamp="20210920 20:02:03.824" level="INFO">Typing text 'Torre D' into text field 'xpath=//*[@id="field-addressLine2"]'.</msg>
<status status="PASS" starttime="20210920 20:02:03.822" endtime="20210920 20:02:03.957"/>
</kw>
<kw name="Input Text" library="SeleniumLibrary">
<arg>xpath=//*[@id="field-city"]</arg>
<arg>${PESSOA.city}</arg>
<doc>Types the given ``text`` into the text field identified by ``locator``.</doc>
<msg timestamp="20210920 20:02:03.958" level="INFO">Typing text 'Porto Alegre' into text field 'xpath=//*[@id="field-city"]'.</msg>
<status status="PASS" starttime="20210920 20:02:03.957" endtime="20210920 20:02:04.111"/>
</kw>
<kw name="Input Text" library="SeleniumLibrary">
<arg>xpath=//*[@id="field-state"]</arg>
<arg>${PESSOA.state}</arg>
<doc>Types the given ``text`` into the text field identified by ``locator``.</doc>
<msg timestamp="20210920 20:02:04.112" level="INFO">Typing text 'RS' into text field 'xpath=//*[@id="field-state"]'.</msg>
<status status="PASS" starttime="20210920 20:02:04.111" endtime="20210920 20:02:04.258"/>
</kw>
<kw name="Input Text" library="SeleniumLibrary">
<arg>xpath=//*[@id="field-postalCode"]</arg>
<arg>${PESSOA.postal_code}</arg>
<doc>Types the given ``text`` into the text field identified by ``locator``.</doc>
<msg timestamp="20210920 20:02:04.261" level="INFO">Typing text '91000-000' into text field 'xpath=//*[@id="field-postalCode"]'.</msg>
<status status="PASS" starttime="20210920 20:02:04.259" endtime="20210920 20:02:04.409"/>
</kw>
<kw name="Input Text" library="SeleniumLibrary">
<arg>xpath=//*[@id="field-country"]</arg>
<arg>${PESSOA.country}</arg>
<doc>Types the given ``text`` into the text field identified by ``locator``.</doc>
<msg timestamp="20210920 20:02:04.410" level="INFO">Typing text 'Brasil' into text field 'xpath=//*[@id="field-country"]'.</msg>
<status status="PASS" starttime="20210920 20:02:04.409" endtime="20210920 20:02:04.569"/>
</kw>
<kw name="Input Text" library="SeleniumLibrary">
<arg>xpath=//*[@id="field-salesRepEmployeeNumber"]</arg>
<arg>coé mano</arg>
<doc>Types the given ``text`` into the text field identified by ``locator``.</doc>
<msg timestamp="20210920 20:02:04.570" level="INFO">Typing text 'coé mano' into text field 'xpath=//*[@id="field-salesRepEmployeeNumber"]'.</msg>
<status status="PASS" starttime="20210920 20:02:04.570" endtime="20210920 20:02:04.708"/>
</kw>
<kw name="Input Text" library="SeleniumLibrary">
<arg>xpath=//*[@id="field-creditLimit"]</arg>
<arg>${PESSOA.credit_limit}</arg>
<doc>Types the given ``text`` into the text field identified by ``locator``.</doc>
<msg timestamp="20210920 20:02:04.710" level="INFO">Typing text '200' into text field 'xpath=//*[@id="field-creditLimit"]'.</msg>
<status status="PASS" starttime="20210920 20:02:04.708" endtime="20210920 20:02:04.838"/>
</kw>
<status status="PASS" starttime="20210920 20:02:03.001" endtime="20210920 20:02:04.838"/>
</kw>
<kw name="Clicar no link Go Back to list" library="resource">
<kw name="Click Button" library="SeleniumLibrary">
<arg>xpath=//*[@id="save-and-go-back-button"]</arg>
<doc>Clicks the button identified by ``locator``.</doc>
<msg timestamp="20210920 20:02:04.840" level="INFO">Clicking button 'xpath=//*[@id="save-and-go-back-button"]'.</msg>
<status status="PASS" starttime="20210920 20:02:04.839" endtime="20210920 20:02:04.983"/>
</kw>
<status status="PASS" starttime="20210920 20:02:04.838" endtime="20210920 20:02:04.983"/>
</kw>
<kw name="Clicar na coluna &quot;Search Name&quot; e digitar o conteúdo do nome" library="resource">
<kw name="Wait Until Element Is Visible" library="SeleniumLibrary">
<arg>xpath=/html/body/div[2]/div[2]/div[1]/div[2]/form/div[2]/table/thead/tr[2]/td[3]/input</arg>
<doc>Waits until the element ``locator`` is visible.</doc>
<status status="PASS" starttime="20210920 20:02:04.985" endtime="20210920 20:02:07.146"/>
</kw>
<kw name="Input Text" library="SeleniumLibrary">
<arg>xpath=/html/body/div[2]/div[2]/div[1]/div[2]/form/div[2]/table/thead/tr[2]/td[3]/input</arg>
<arg>${PESSOA.name}</arg>
<doc>Types the given ``text`` into the text field identified by ``locator``.</doc>
<msg timestamp="20210920 20:02:07.148" level="INFO">Typing text 'Teste Sicredi' into text field 'xpath=/html/body/div[2]/div[2]/div[1]/div[2]/form/div[2]/table/thead/tr[2]/td[3]/input'.</msg>
<status status="PASS" starttime="20210920 20:02:07.147" endtime="20210920 20:02:07.327"/>
</kw>
<kw name="Click Element" library="SeleniumLibrary">
<arg>xpath=/html/body/div[2]/div[2]/div[1]/div[2]/form/div[2]/table/thead/tr[2]/td[2]/div[2]/a</arg>
<doc>Click the element identified by ``locator``.</doc>
<msg timestamp="20210920 20:02:07.328" level="INFO">Clicking element 'xpath=/html/body/div[2]/div[2]/div[1]/div[2]/form/div[2]/table/thead/tr[2]/td[2]/div[2]/a'.</msg>
<status status="PASS" starttime="20210920 20:02:07.327" endtime="20210920 20:02:07.475"/>
</kw>
<status status="PASS" starttime="20210920 20:02:04.984" endtime="20210920 20:02:07.475"/>
</kw>
<kw name="Clicar no checkbox abaixo da palavra Actions" library="resource">
<kw name="Click Button" library="SeleniumLibrary">
<arg>xpath=/html/body/div[2]/div[2]/div[1]/div[2]/form/div[2]/table/thead/tr[2]/td[1]/div/input</arg>
<doc>Clicks the button identified by ``locator``.</doc>
<msg timestamp="20210920 20:02:07.477" level="INFO">Clicking button 'xpath=/html/body/div[2]/div[2]/div[1]/div[2]/form/div[2]/table/thead/tr[2]/td[1]/div/input'.</msg>
<status status="PASS" starttime="20210920 20:02:07.476" endtime="20210920 20:02:08.119"/>
</kw>
<status status="PASS" starttime="20210920 20:02:07.475" endtime="20210920 20:02:08.119"/>
</kw>
<kw name="Clicar no botão Delete" library="resource">
<kw name="Wait Until Element Is Visible" library="SeleniumLibrary">
<arg>xpath=//*[@id="gcrud-search-form"]/div[2]/table/thead/tr[2]/td[2]/div[1]/a</arg>
<doc>Waits until the element ``locator`` is visible.</doc>
<status status="PASS" starttime="20210920 20:02:08.120" endtime="20210920 20:02:08.170"/>
</kw>
<kw name="Click Element" library="SeleniumLibrary">
<arg>xpath=//*[@id="gcrud-search-form"]/div[2]/table/thead/tr[2]/td[2]/div[1]/a</arg>
<doc>Click the element identified by ``locator``.</doc>
<msg timestamp="20210920 20:02:08.171" level="INFO">Clicking element 'xpath=//*[@id="gcrud-search-form"]/div[2]/table/thead/tr[2]/td[2]/div[1]/a'.</msg>
<status status="PASS" starttime="20210920 20:02:08.170" endtime="20210920 20:02:08.284"/>
</kw>
<status status="PASS" starttime="20210920 20:02:08.119" endtime="20210920 20:02:08.284"/>
</kw>
<kw name="Validar o texto &quot;Are you sure that you want to delete those 2 items?&quot; através de uma asserção para o popup" library="resource" sourcename="Validar o texto &quot;${MENSAGEM}&quot; através de uma asserção para o popup">
<kw name="Wait Until Element Is Visible" library="SeleniumLibrary">
<arg>xpath=/html/body/div[2]/div[2]/div[3]/div/div/div[1]</arg>
<doc>Waits until the element ``locator`` is visible.</doc>
<status status="PASS" starttime="20210920 20:02:08.287" endtime="20210920 20:02:08.328"/>
</kw>
<kw name="Element Text Should Be" library="SeleniumLibrary">
<arg>xpath=/html/body/div[2]/div[2]/div[3]/div/div/div[2]/p[1]</arg>
<arg>expected=${MENSAGEM}</arg>
<doc>Verifies that element ``locator`` contains exact the text ``expected``.</doc>
<msg timestamp="20210920 20:02:08.329" level="INFO">Verifying element 'xpath=/html/body/div[2]/div[2]/div[3]/div/div/div[2]/p[1]' contains exact text 'Are you sure that you want to delete those 2 items?'.</msg>
<status status="PASS" starttime="20210920 20:02:08.328" endtime="20210920 20:02:08.371"/>
</kw>
<status status="PASS" starttime="20210920 20:02:08.285" endtime="20210920 20:02:08.371"/>
</kw>
<kw name="Clicar no botão Delete da popup" library="resource">
<kw name="Click Element" library="SeleniumLibrary">
<arg>xpath=/html/body/div[2]/div[2]/div[3]/div/div/div[3]/button[2]</arg>
<doc>Click the element identified by ``locator``.</doc>
<msg timestamp="20210920 20:02:08.375" level="INFO">Clicking element 'xpath=/html/body/div[2]/div[2]/div[3]/div/div/div[3]/button[2]'.</msg>
<status status="PASS" starttime="20210920 20:02:08.374" endtime="20210920 20:02:08.472"/>
</kw>
<status status="PASS" starttime="20210920 20:02:08.374" endtime="20210920 20:02:08.472"/>
</kw>
<kw name="Adicionar asserção na mensagem &quot;Your data has been successfully deleted from the database.&quot;" library="resource" sourcename="Adicionar asserção na mensagem &quot;${MENSAGEM}&quot;">
<kw name="Wait Until Element Is Visible" library="SeleniumLibrary">
<arg>xpath=/html/body/div[4]/span[3]/p</arg>
<doc>Waits until the element ``locator`` is visible.</doc>
<status status="PASS" starttime="20210920 20:02:08.474" endtime="20210920 20:02:09.627"/>
</kw>
<kw name="Element Text Should Be" library="SeleniumLibrary">
<arg>xpath=/html/body/div[4]/span[3]/p</arg>
<arg>expected=${MENSAGEM}</arg>
<doc>Verifies that element ``locator`` contains exact the text ``expected``.</doc>
<msg timestamp="20210920 20:02:09.628" level="INFO">Verifying element 'xpath=/html/body/div[4]/span[3]/p' contains exact text 'Your data has been successfully deleted from the database.'.</msg>
<status status="PASS" starttime="20210920 20:02:09.627" endtime="20210920 20:02:09.668"/>
</kw>
<status status="PASS" starttime="20210920 20:02:08.473" endtime="20210920 20:02:09.669"/>
</kw>
<kw name="Fechar o browser" library="resource">
<kw name="Close Browser" library="SeleniumLibrary">
<doc>Closes the current browser.</doc>
<status status="PASS" starttime="20210920 20:02:09.672" endtime="20210920 20:02:09.792"/>
</kw>
<status status="PASS" starttime="20210920 20:02:09.669" endtime="20210920 20:02:09.793"/>
</kw>
<status status="PASS" starttime="20210920 20:01:53.158" endtime="20210920 20:02:09.793"/>
</test>
<status status="PASS" starttime="20210920 20:01:41.162" endtime="20210920 20:02:09.796"/>
</suite>
<statistics>
<total>
<stat pass="2" fail="0" skip="0">All Tests</stat>
</total>
<tag>
</tag>
<suite>
<stat pass="2" fail="0" skip="0" id="s1" name="Grocery Crud">Grocery Crud</stat>
</suite>
</statistics>
<errors>
</errors>
</robot>
